Using pre-set license
Built from '2020.3/china_unity/release' branch; Version is '2020.3.5f1c1 (548653c6c3de) revision 5539411'; Using compiler version '192528614'; Build Type 'Release'
OS: 'Windows 10 Home China; OS build 19042.1052; Version 2009; 64bit' Language: 'zh' Physical Memory: 16146 MB
BatchMode: 1, IsHumanControllingUs: 0, StartBugReporterOnCrash: 0, Is64bit: 1, IsPro: 0

 COMMAND LINE ARGUMENTS:
D:\2020.3.5f1c1\Editor\Unity.exe
-adb2
-batchMode
-noUpm
-name
AssetImportWorker0
-projectPath
D:/git/multiplay_fps_game-/lalal
-logFile
Logs/AssetImportWorker0.log
-srvPort
60623
Successfully changed project path to: D:/git/multiplay_fps_game-/lalal
D:/git/multiplay_fps_game-/lalal
Using Asset Import Pipeline V2.
Refreshing native plugins compatible for Editor in 23.84 ms, found 0 plugins.
Preloading 0 native plugins for Editor in 0.00 ms.
Initialize engine version: 2020.3.5f1c1 (548653c6c3de)
[Subsystems] Discovering subsystems at path D:/2020.3.5f1c1/Editor/Data/Resources/UnitySubsystems
[Subsystems] Discovering subsystems at path D:/git/multiplay_fps_game-/lalal/Assets
GfxDevice: creating device client; threaded=0
Direct3D:
    Version:  Direct3D 11.0 [level 11.1]
    Renderer: NVIDIA GeForce RTX 3070 Laptop GPU (ID=0x24dd)
    Vendor:   
    VRAM:     8044 MB
    Driver:   27.21.14.6166
Initialize mono
Mono path[0] = 'D:/2020.3.5f1c1/Editor/Data/Managed'
Mono path[1] = 'D:/2020.3.5f1c1/Editor/Data/MonoBleedingEdge/lib/mono/unityjit'
Mono config path = 'D:/2020.3.5f1c1/Editor/Data/MonoBleedingEdge/etc'
Using monoOptions --debugger-agent=transport=dt_socket,embedding=1,server=y,suspend=n,address=127.0.0.1:56056
Begin MonoManager ReloadAssembly
Registering precompiled unity dll's ...
Register platform support module: D:/2020.3.5f1c1/Editor/Data/PlaybackEngines/MacStandaloneSupport/UnityEditor.OSXStandalone.Extensions.dll
Register platform support module: D:/2020.3.5f1c1/Editor/Data/PlaybackEngines/WindowsStandaloneSupport/UnityEditor.WindowsStandalone.Extensions.dll
Registered in 0.001340 seconds.
Native extension for WindowsStandalone target not found
Native extension for OSXStandalone target not found
Refreshing native plugins compatible for Editor in 25.76 ms, found 0 plugins.
Preloading 0 native plugins for Editor in 0.00 ms.
Mono: successfully reloaded assembly
- Completed reload, in  2.150 seconds
Platform modules already initialized, skipping
Registering precompiled user dll's ...
Registered in 0.003511 seconds.
Begin MonoManager ReloadAssembly
Native extension for WindowsStandalone target not found
Native extension for OSXStandalone target not found
Refreshing native plugins compatible for Editor in 0.30 ms, found 0 plugins.
Preloading 0 native plugins for Editor in 0.00 ms.
Mono: successfully reloaded assembly
- Completed reload, in  0.986 seconds
Platform modules already initialized, skipping
========================================================================
Worker process is ready to serve import requests
Launched and connected shader compiler UnityShaderCompiler.exe after 0.06 seconds
Refreshing native plugins compatible for Editor in 0.27 ms, found 0 plugins.
Preloading 0 native plugins for Editor in 0.00 ms.
Unloading 1375 Unused Serialized files (Serialized files now loaded: 0)
System memory in use before: 78.8 MB.
System memory in use after: 78.9 MB.

Unloading 15 unused Assets to reduce memory usage. Loaded Objects now: 1828.
Total: 2.139500 ms (FindLiveObjects: 0.205500 ms CreateObjectMapping: 0.084800 ms MarkObjects: 1.773700 ms  DeleteObjects: 0.074100 ms)

========================================================================
Received Import Request.
  path: Assets/script/chatRoom.cs
  artifactKey: Guid(e3f35370f61555746934c7a5731d9aef) Importer(815301076,1909f56bfc062723c751e8b465ee728b)
Start importing Assets/script/chatRoom.cs using Guid(e3f35370f61555746934c7a5731d9aef) Importer(815301076,1909f56bfc062723c751e8b465ee728b)  -> (artifact id: '045afc35097d487ca71bc35052205812') in 0.028400 seconds
  Import took 0.030418 seconds .

